INFO - 2022-02-04 07:05:52 --> Controller "App\Controllers\base\Beranda" loaded.
INFO - 2022-02-04 07:07:47 --> Controller "App\Controllers\base\Beranda" loaded.
INFO - 2022-02-04 07:08:44 --> Session: Class initialized using 'CodeIgniter\Session\Handlers\FileHandler' driver.
INFO - 2022-02-04 07:08:44 --> Controller "App\Controllers\base\Dashboard" loaded.
INFO - 2022-02-04 07:12:38 --> Session: Class initialized using 'CodeIgniter\Session\Handlers\FileHandler' driver.
INFO - 2022-02-04 07:12:38 --> Controller "App\Controllers\base\Dashboard" loaded.
INFO - 2022-02-04 07:12:42 --> Session: Class initialized using 'CodeIgniter\Session\Handlers\FileHandler' driver.
INFO - 2022-02-04 07:12:42 --> Controller "App\Controllers\base\Dashboard" loaded.
INFO - 2022-02-04 07:13:09 --> Session: Class initialized using 'CodeIgniter\Session\Handlers\FileHandler' driver.
INFO - 2022-02-04 07:13:09 --> Controller "App\Controllers\base\Dashboard" loaded.
INFO - 2022-02-04 07:13:10 --> Controller "App\Controllers\base\Beranda" loaded.
INFO - 2022-02-04 07:13:13 --> Controller "App\Controllers\base\Beranda" loaded.
INFO - 2022-02-04 07:13:14 --> Session: Class initialized using 'CodeIgniter\Session\Handlers\FileHandler' driver.
INFO - 2022-02-04 07:13:14 --> Controller "App\Controllers\base\Dashboard" loaded.
INFO - 2022-02-04 07:13:15 --> Controller "App\Controllers\base\Beranda" loaded.
INFO - 2022-02-04 07:13:17 --> Session: Class initialized using 'CodeIgniter\Session\Handlers\FileHandler' driver.
INFO - 2022-02-04 07:13:17 --> Controller "App\Controllers\base\Dashboard" loaded.
INFO - 2022-02-04 07:13:27 --> Session: Class initialized using 'CodeIgniter\Session\Handlers\FileHandler' driver.
INFO - 2022-02-04 07:13:27 --> Controller "App\Controllers\base\Lupa_password" loaded.
INFO - 2022-02-04 07:13:29 --> Session: Class initialized using 'CodeIgniter\Session\Handlers\FileHandler' driver.
INFO - 2022-02-04 07:13:29 --> Controller "App\Controllers\base\Dashboard" loaded.
INFO - 2022-02-04 07:13:31 --> Session: Class initialized using 'CodeIgniter\Session\Handlers\FileHandler' driver.
INFO - 2022-02-04 07:13:31 --> Controller "App\Controllers\base\Lupa_password" loaded.
INFO - 2022-02-04 07:13:32 --> Session: Class initialized using 'CodeIgniter\Session\Handlers\FileHandler' driver.
INFO - 2022-02-04 07:13:32 --> Controller "App\Controllers\base\Dashboard" loaded.
INFO - 2022-02-04 07:13:34 --> Session: Class initialized using 'CodeIgniter\Session\Handlers\FileHandler' driver.
INFO - 2022-02-04 07:13:34 --> Controller "App\Controllers\base\Lupa_password" loaded.
INFO - 2022-02-04 07:13:38 --> Session: Class initialized using 'CodeIgniter\Session\Handlers\FileHandler' driver.
INFO - 2022-02-04 07:13:38 --> Controller "App\Controllers\base\Dashboard" loaded.
INFO - 2022-02-04 07:13:42 --> Controller "App\Controllers\base\Beranda" loaded.
INFO - 2022-02-04 07:16:09 --> Controller "App\Controllers\base\Beranda" loaded.
INFO - 2022-02-04 07:17:12 --> Controller "App\Controllers\base\Beranda" loaded.
INFO - 2022-02-04 07:19:28 --> Controller "App\Controllers\base\Beranda" loaded.
INFO - 2022-02-04 07:21:51 --> Controller "App\Controllers\base\Beranda" loaded.
INFO - 2022-02-04 07:25:39 --> Controller "App\Controllers\base\Beranda" loaded.
INFO - 2022-02-04 07:26:00 --> Controller "App\Controllers\base\Beranda" loaded.
INFO - 2022-02-04 07:33:46 --> Controller "App\Controllers\base\Beranda" loaded.
INFO - 2022-02-04 07:40:38 --> Controller "App\Controllers\base\Beranda" loaded.
INFO - 2022-02-04 08:27:56 --> Controller "App\Controllers\base\Beranda" loaded.
INFO - 2022-02-04 09:45:01 --> Controller "App\Controllers\base\Beranda" loaded.
INFO - 2022-02-04 09:47:36 --> Controller "App\Controllers\base\Beranda" loaded.
INFO - 2022-02-04 09:48:53 --> Controller "App\Controllers\base\Beranda" loaded.
INFO - 2022-02-04 09:49:24 --> Session: Class initialized using 'CodeIgniter\Session\Handlers\FileHandler' driver.
INFO - 2022-02-04 09:49:24 --> Controller "App\Controllers\base\Dashboard" loaded.
INFO - 2022-02-04 09:50:46 --> Session: Class initialized using 'CodeIgniter\Session\Handlers\FileHandler' driver.
INFO - 2022-02-04 09:50:46 --> Controller "App\Controllers\base\Dashboard" loaded.
INFO - 2022-02-04 09:52:46 --> Controller "App\Controllers\base\Beranda" loaded.
INFO - 2022-02-04 09:52:48 --> Controller "App\Controllers\base\Beranda" loaded.
INFO - 2022-02-04 09:52:52 --> Controller "App\Controllers\base\Beranda" loaded.
INFO - 2022-02-04 09:53:15 --> Controller "App\Controllers\base\Beranda" loaded.
INFO - 2022-02-04 09:53:32 --> Controller "App\Controllers\base\Beranda" loaded.
INFO - 2022-02-04 09:54:25 --> Controller "App\Controllers\base\Beranda" loaded.
INFO - 2022-02-04 09:54:42 --> Controller "App\Controllers\base\Beranda" loaded.
INFO - 2022-02-04 09:55:54 --> Controller "App\Controllers\base\Beranda" loaded.
INFO - 2022-02-04 09:56:18 --> Controller "App\Controllers\base\Beranda" loaded.
INFO - 2022-02-04 09:56:47 --> Session: Class initialized using 'CodeIgniter\Session\Handlers\FileHandler' driver.
INFO - 2022-02-04 09:56:47 --> Controller "App\Controllers\base\Dashboard" loaded.
INFO - 2022-02-04 09:57:09 --> Session: Class initialized using 'CodeIgniter\Session\Handlers\FileHandler' driver.
INFO - 2022-02-04 09:57:09 --> Controller "App\Controllers\base\Dashboard" loaded.
INFO - 2022-02-04 09:57:14 --> Session: Class initialized using 'CodeIgniter\Session\Handlers\FileHandler' driver.
INFO - 2022-02-04 09:57:14 --> Controller "App\Controllers\base\Dashboard" loaded.
INFO - 2022-02-04 09:57:21 --> Controller "App\Controllers\base\Beranda" loaded.
INFO - 2022-02-04 09:57:22 --> Controller "App\Controllers\base\Beranda" loaded.
INFO - 2022-02-04 09:57:49 --> Controller "App\Controllers\base\Beranda" loaded.
INFO - 2022-02-04 09:58:32 --> Controller "App\Controllers\base\Beranda" loaded.
INFO - 2022-02-04 09:59:16 --> Controller "App\Controllers\base\Beranda" loaded.
INFO - 2022-02-04 09:59:40 --> Controller "App\Controllers\base\Beranda" loaded.
INFO - 2022-02-04 10:21:58 --> Controller "App\Controllers\base\Beranda" loaded.
INFO - 2022-02-04 10:23:11 --> Controller "App\Controllers\base\Beranda" loaded.
INFO - 2022-02-04 10:52:35 --> Controller "App\Controllers\base\Beranda" loaded.
INFO - 2022-02-04 10:54:29 --> Controller "App\Controllers\base\Beranda" loaded.
INFO - 2022-02-04 10:55:17 --> Controller "App\Controllers\base\Beranda" loaded.
INFO - 2022-02-04 10:55:36 --> Controller "App\Controllers\base\Beranda" loaded.
INFO - 2022-02-04 10:55:43 --> Controller "App\Controllers\base\Beranda" loaded.
INFO - 2022-02-04 10:55:55 --> Controller "App\Controllers\base\Beranda" loaded.
INFO - 2022-02-04 10:57:13 --> Controller "App\Controllers\base\Beranda" loaded.
INFO - 2022-02-04 10:57:52 --> Controller "App\Controllers\base\Beranda" loaded.
INFO - 2022-02-04 10:59:21 --> Controller "App\Controllers\base\Beranda" loaded.
CRITICAL - 2022-02-04 13:55:50 --> syntax error, unexpected ';', expecting ')'
#0 C:\xampp\htdocs\undangancnk2\system\Autoloader\Autoloader.php(296): CodeIgniter\Autoloader\Autoloader->requireFile('C:\\xampp\\htdocs...')
#1 C:\xampp\htdocs\undangancnk2\system\Autoloader\Autoloader.php(258): CodeIgniter\Autoloader\Autoloader->loadInNamespace('App\\Controllers...')
#2 [internal function]: CodeIgniter\Autoloader\Autoloader->loadClass('App\\Controllers...')
#3 [internal function]: spl_autoload_call('App\\Controllers...')
#4 C:\xampp\htdocs\undangancnk2\system\CodeIgniter.php(861): class_exists('\\App\\Controller...', true)
#5 C:\xampp\htdocs\undangancnk2\system\CodeIgniter.php(388): CodeIgniter\CodeIgniter->startController()
#6 C:\xampp\htdocs\undangancnk2\system\CodeIgniter.php(306): CodeIgniter\CodeIgniter->handleRequest(NULL, Object(Config\Cache), false)
#7 C:\xampp\htdocs\undangancnk2\index.php(45): CodeIgniter\CodeIgniter->run()
#8 {main}
CRITICAL - 2022-02-04 13:55:58 --> syntax error, unexpected ';', expecting ')'
#0 C:\xampp\htdocs\undangancnk2\system\Autoloader\Autoloader.php(296): CodeIgniter\Autoloader\Autoloader->requireFile('C:\\xampp\\htdocs...')
#1 C:\xampp\htdocs\undangancnk2\system\Autoloader\Autoloader.php(258): CodeIgniter\Autoloader\Autoloader->loadInNamespace('App\\Controllers...')
#2 [internal function]: CodeIgniter\Autoloader\Autoloader->loadClass('App\\Controllers...')
#3 [internal function]: spl_autoload_call('App\\Controllers...')
#4 C:\xampp\htdocs\undangancnk2\system\CodeIgniter.php(861): class_exists('\\App\\Controller...', true)
#5 C:\xampp\htdocs\undangancnk2\system\CodeIgniter.php(388): CodeIgniter\CodeIgniter->startController()
#6 C:\xampp\htdocs\undangancnk2\system\CodeIgniter.php(306): CodeIgniter\CodeIgniter->handleRequest(NULL, Object(Config\Cache), false)
#7 C:\xampp\htdocs\undangancnk2\index.php(45): CodeIgniter\CodeIgniter->run()
#8 {main}
CRITICAL - 2022-02-04 13:56:13 --> syntax error, unexpected ';', expecting ')'
#0 C:\xampp\htdocs\undangancnk2\system\Autoloader\Autoloader.php(296): CodeIgniter\Autoloader\Autoloader->requireFile('C:\\xampp\\htdocs...')
#1 C:\xampp\htdocs\undangancnk2\system\Autoloader\Autoloader.php(258): CodeIgniter\Autoloader\Autoloader->loadInNamespace('App\\Controllers...')
#2 [internal function]: CodeIgniter\Autoloader\Autoloader->loadClass('App\\Controllers...')
#3 [internal function]: spl_autoload_call('App\\Controllers...')
#4 C:\xampp\htdocs\undangancnk2\system\CodeIgniter.php(861): class_exists('\\App\\Controller...', true)
#5 C:\xampp\htdocs\undangancnk2\system\CodeIgniter.php(388): CodeIgniter\CodeIgniter->startController()
#6 C:\xampp\htdocs\undangancnk2\system\CodeIgniter.php(306): CodeIgniter\CodeIgniter->handleRequest(NULL, Object(Config\Cache), false)
#7 C:\xampp\htdocs\undangancnk2\index.php(45): CodeIgniter\CodeIgniter->run()
#8 {main}
CRITICAL - 2022-02-04 13:57:09 --> syntax error, unexpected ';', expecting ')'
#0 C:\xampp\htdocs\undangancnk2\system\Autoloader\Autoloader.php(296): CodeIgniter\Autoloader\Autoloader->requireFile('C:\\xampp\\htdocs...')
#1 C:\xampp\htdocs\undangancnk2\system\Autoloader\Autoloader.php(258): CodeIgniter\Autoloader\Autoloader->loadInNamespace('App\\Controllers...')
#2 [internal function]: CodeIgniter\Autoloader\Autoloader->loadClass('App\\Controllers...')
#3 [internal function]: spl_autoload_call('App\\Controllers...')
#4 C:\xampp\htdocs\undangancnk2\system\CodeIgniter.php(861): class_exists('\\App\\Controller...', true)
#5 C:\xampp\htdocs\undangancnk2\system\CodeIgniter.php(388): CodeIgniter\CodeIgniter->startController()
#6 C:\xampp\htdocs\undangancnk2\system\CodeIgniter.php(306): CodeIgniter\CodeIgniter->handleRequest(NULL, Object(Config\Cache), false)
#7 C:\xampp\htdocs\undangancnk2\index.php(45): CodeIgniter\CodeIgniter->run()
#8 {main}
CRITICAL - 2022-02-04 13:57:09 --> syntax error, unexpected ';', expecting ')'
#0 C:\xampp\htdocs\undangancnk2\system\Autoloader\Autoloader.php(296): CodeIgniter\Autoloader\Autoloader->requireFile('C:\\xampp\\htdocs...')
#1 C:\xampp\htdocs\undangancnk2\system\Autoloader\Autoloader.php(258): CodeIgniter\Autoloader\Autoloader->loadInNamespace('App\\Controllers...')
#2 [internal function]: CodeIgniter\Autoloader\Autoloader->loadClass('App\\Controllers...')
#3 [internal function]: spl_autoload_call('App\\Controllers...')
#4 C:\xampp\htdocs\undangancnk2\system\CodeIgniter.php(861): class_exists('\\App\\Controller...', true)
#5 C:\xampp\htdocs\undangancnk2\system\CodeIgniter.php(388): CodeIgniter\CodeIgniter->startController()
#6 C:\xampp\htdocs\undangancnk2\system\CodeIgniter.php(306): CodeIgniter\CodeIgniter->handleRequest(NULL, Object(Config\Cache), false)
#7 C:\xampp\htdocs\undangancnk2\index.php(45): CodeIgniter\CodeIgniter->run()
#8 {main}
CRITICAL - 2022-02-04 13:57:09 --> syntax error, unexpected ';', expecting ')'
#0 C:\xampp\htdocs\undangancnk2\system\Autoloader\Autoloader.php(296): CodeIgniter\Autoloader\Autoloader->requireFile('C:\\xampp\\htdocs...')
#1 C:\xampp\htdocs\undangancnk2\system\Autoloader\Autoloader.php(258): CodeIgniter\Autoloader\Autoloader->loadInNamespace('App\\Controllers...')
#2 [internal function]: CodeIgniter\Autoloader\Autoloader->loadClass('App\\Controllers...')
#3 [internal function]: spl_autoload_call('App\\Controllers...')
#4 C:\xampp\htdocs\undangancnk2\system\CodeIgniter.php(861): class_exists('\\App\\Controller...', true)
#5 C:\xampp\htdocs\undangancnk2\system\CodeIgniter.php(388): CodeIgniter\CodeIgniter->startController()
#6 C:\xampp\htdocs\undangancnk2\system\CodeIgniter.php(306): CodeIgniter\CodeIgniter->handleRequest(NULL, Object(Config\Cache), false)
#7 C:\xampp\htdocs\undangancnk2\index.php(45): CodeIgniter\CodeIgniter->run()
#8 {main}
CRITICAL - 2022-02-04 13:57:10 --> syntax error, unexpected ';', expecting ')'
#0 C:\xampp\htdocs\undangancnk2\system\Autoloader\Autoloader.php(296): CodeIgniter\Autoloader\Autoloader->requireFile('C:\\xampp\\htdocs...')
#1 C:\xampp\htdocs\undangancnk2\system\Autoloader\Autoloader.php(258): CodeIgniter\Autoloader\Autoloader->loadInNamespace('App\\Controllers...')
#2 [internal function]: CodeIgniter\Autoloader\Autoloader->loadClass('App\\Controllers...')
#3 [internal function]: spl_autoload_call('App\\Controllers...')
#4 C:\xampp\htdocs\undangancnk2\system\CodeIgniter.php(861): class_exists('\\App\\Controller...', true)
#5 C:\xampp\htdocs\undangancnk2\system\CodeIgniter.php(388): CodeIgniter\CodeIgniter->startController()
#6 C:\xampp\htdocs\undangancnk2\system\CodeIgniter.php(306): CodeIgniter\CodeIgniter->handleRequest(NULL, Object(Config\Cache), false)
#7 C:\xampp\htdocs\undangancnk2\index.php(45): CodeIgniter\CodeIgniter->run()
#8 {main}
CRITICAL - 2022-02-04 13:57:10 --> syntax error, unexpected ';', expecting ')'
#0 C:\xampp\htdocs\undangancnk2\system\Autoloader\Autoloader.php(296): CodeIgniter\Autoloader\Autoloader->requireFile('C:\\xampp\\htdocs...')
#1 C:\xampp\htdocs\undangancnk2\system\Autoloader\Autoloader.php(258): CodeIgniter\Autoloader\Autoloader->loadInNamespace('App\\Controllers...')
#2 [internal function]: CodeIgniter\Autoloader\Autoloader->loadClass('App\\Controllers...')
#3 [internal function]: spl_autoload_call('App\\Controllers...')
#4 C:\xampp\htdocs\undangancnk2\system\CodeIgniter.php(861): class_exists('\\App\\Controller...', true)
#5 C:\xampp\htdocs\undangancnk2\system\CodeIgniter.php(388): CodeIgniter\CodeIgniter->startController()
#6 C:\xampp\htdocs\undangancnk2\system\CodeIgniter.php(306): CodeIgniter\CodeIgniter->handleRequest(NULL, Object(Config\Cache), false)
#7 C:\xampp\htdocs\undangancnk2\index.php(45): CodeIgniter\CodeIgniter->run()
#8 {main}
CRITICAL - 2022-02-04 13:57:11 --> syntax error, unexpected ';', expecting ')'
#0 C:\xampp\htdocs\undangancnk2\system\Autoloader\Autoloader.php(296): CodeIgniter\Autoloader\Autoloader->requireFile('C:\\xampp\\htdocs...')
#1 C:\xampp\htdocs\undangancnk2\system\Autoloader\Autoloader.php(258): CodeIgniter\Autoloader\Autoloader->loadInNamespace('App\\Controllers...')
#2 [internal function]: CodeIgniter\Autoloader\Autoloader->loadClass('App\\Controllers...')
#3 [internal function]: spl_autoload_call('App\\Controllers...')
#4 C:\xampp\htdocs\undangancnk2\system\CodeIgniter.php(861): class_exists('\\App\\Controller...', true)
#5 C:\xampp\htdocs\undangancnk2\system\CodeIgniter.php(388): CodeIgniter\CodeIgniter->startController()
#6 C:\xampp\htdocs\undangancnk2\system\CodeIgniter.php(306): CodeIgniter\CodeIgniter->handleRequest(NULL, Object(Config\Cache), false)
#7 C:\xampp\htdocs\undangancnk2\index.php(45): CodeIgniter\CodeIgniter->run()
#8 {main}
CRITICAL - 2022-02-04 13:58:08 --> syntax error, unexpected ';', expecting ')'
#0 C:\xampp\htdocs\undangancnk2\system\Autoloader\Autoloader.php(296): CodeIgniter\Autoloader\Autoloader->requireFile('C:\\xampp\\htdocs...')
#1 C:\xampp\htdocs\undangancnk2\system\Autoloader\Autoloader.php(258): CodeIgniter\Autoloader\Autoloader->loadInNamespace('App\\Controllers...')
#2 [internal function]: CodeIgniter\Autoloader\Autoloader->loadClass('App\\Controllers...')
#3 [internal function]: spl_autoload_call('App\\Controllers...')
#4 C:\xampp\htdocs\undangancnk2\system\CodeIgniter.php(861): class_exists('\\App\\Controller...', true)
#5 C:\xampp\htdocs\undangancnk2\system\CodeIgniter.php(388): CodeIgniter\CodeIgniter->startController()
#6 C:\xampp\htdocs\undangancnk2\system\CodeIgniter.php(306): CodeIgniter\CodeIgniter->handleRequest(NULL, Object(Config\Cache), false)
#7 C:\xampp\htdocs\undangancnk2\index.php(45): CodeIgniter\CodeIgniter->run()
#8 {main}
CRITICAL - 2022-02-04 13:58:09 --> syntax error, unexpected ';', expecting ')'
#0 C:\xampp\htdocs\undangancnk2\system\Autoloader\Autoloader.php(296): CodeIgniter\Autoloader\Autoloader->requireFile('C:\\xampp\\htdocs...')
#1 C:\xampp\htdocs\undangancnk2\system\Autoloader\Autoloader.php(258): CodeIgniter\Autoloader\Autoloader->loadInNamespace('App\\Controllers...')
#2 [internal function]: CodeIgniter\Autoloader\Autoloader->loadClass('App\\Controllers...')
#3 [internal function]: spl_autoload_call('App\\Controllers...')
#4 C:\xampp\htdocs\undangancnk2\system\CodeIgniter.php(861): class_exists('\\App\\Controller...', true)
#5 C:\xampp\htdocs\undangancnk2\system\CodeIgniter.php(388): CodeIgniter\CodeIgniter->startController()
#6 C:\xampp\htdocs\undangancnk2\system\CodeIgniter.php(306): CodeIgniter\CodeIgniter->handleRequest(NULL, Object(Config\Cache), false)
#7 C:\xampp\htdocs\undangancnk2\index.php(45): CodeIgniter\CodeIgniter->run()
#8 {main}
CRITICAL - 2022-02-04 13:58:09 --> syntax error, unexpected ';', expecting ')'
#0 C:\xampp\htdocs\undangancnk2\system\Autoloader\Autoloader.php(296): CodeIgniter\Autoloader\Autoloader->requireFile('C:\\xampp\\htdocs...')
#1 C:\xampp\htdocs\undangancnk2\system\Autoloader\Autoloader.php(258): CodeIgniter\Autoloader\Autoloader->loadInNamespace('App\\Controllers...')
#2 [internal function]: CodeIgniter\Autoloader\Autoloader->loadClass('App\\Controllers...')
#3 [internal function]: spl_autoload_call('App\\Controllers...')
#4 C:\xampp\htdocs\undangancnk2\system\CodeIgniter.php(861): class_exists('\\App\\Controller...', true)
#5 C:\xampp\htdocs\undangancnk2\system\CodeIgniter.php(388): CodeIgniter\CodeIgniter->startController()
#6 C:\xampp\htdocs\undangancnk2\system\CodeIgniter.php(306): CodeIgniter\CodeIgniter->handleRequest(NULL, Object(Config\Cache), false)
#7 C:\xampp\htdocs\undangancnk2\index.php(45): CodeIgniter\CodeIgniter->run()
#8 {main}
CRITICAL - 2022-02-04 13:58:09 --> syntax error, unexpected ';', expecting ')'
#0 C:\xampp\htdocs\undangancnk2\system\Autoloader\Autoloader.php(296): CodeIgniter\Autoloader\Autoloader->requireFile('C:\\xampp\\htdocs...')
#1 C:\xampp\htdocs\undangancnk2\system\Autoloader\Autoloader.php(258): CodeIgniter\Autoloader\Autoloader->loadInNamespace('App\\Controllers...')
#2 [internal function]: CodeIgniter\Autoloader\Autoloader->loadClass('App\\Controllers...')
#3 [internal function]: spl_autoload_call('App\\Controllers...')
#4 C:\xampp\htdocs\undangancnk2\system\CodeIgniter.php(861): class_exists('\\App\\Controller...', true)
#5 C:\xampp\htdocs\undangancnk2\system\CodeIgniter.php(388): CodeIgniter\CodeIgniter->startController()
#6 C:\xampp\htdocs\undangancnk2\system\CodeIgniter.php(306): CodeIgniter\CodeIgniter->handleRequest(NULL, Object(Config\Cache), false)
#7 C:\xampp\htdocs\undangancnk2\index.php(45): CodeIgniter\CodeIgniter->run()
#8 {main}
CRITICAL - 2022-02-04 13:58:45 --> syntax error, unexpected ';', expecting ')'
#0 C:\xampp\htdocs\undangancnk2\system\Autoloader\Autoloader.php(296): CodeIgniter\Autoloader\Autoloader->requireFile('C:\\xampp\\htdocs...')
#1 C:\xampp\htdocs\undangancnk2\system\Autoloader\Autoloader.php(258): CodeIgniter\Autoloader\Autoloader->loadInNamespace('App\\Controllers...')
#2 [internal function]: CodeIgniter\Autoloader\Autoloader->loadClass('App\\Controllers...')
#3 [internal function]: spl_autoload_call('App\\Controllers...')
#4 C:\xampp\htdocs\undangancnk2\system\CodeIgniter.php(861): class_exists('\\App\\Controller...', true)
#5 C:\xampp\htdocs\undangancnk2\system\CodeIgniter.php(388): CodeIgniter\CodeIgniter->startController()
#6 C:\xampp\htdocs\undangancnk2\system\CodeIgniter.php(306): CodeIgniter\CodeIgniter->handleRequest(NULL, Object(Config\Cache), false)
#7 C:\xampp\htdocs\undangancnk2\index.php(45): CodeIgniter\CodeIgniter->run()
#8 {main}
CRITICAL - 2022-02-04 13:58:46 --> syntax error, unexpected ';', expecting ')'
#0 C:\xampp\htdocs\undangancnk2\system\Autoloader\Autoloader.php(296): CodeIgniter\Autoloader\Autoloader->requireFile('C:\\xampp\\htdocs...')
#1 C:\xampp\htdocs\undangancnk2\system\Autoloader\Autoloader.php(258): CodeIgniter\Autoloader\Autoloader->loadInNamespace('App\\Controllers...')
#2 [internal function]: CodeIgniter\Autoloader\Autoloader->loadClass('App\\Controllers...')
#3 [internal function]: spl_autoload_call('App\\Controllers...')
#4 C:\xampp\htdocs\undangancnk2\system\CodeIgniter.php(861): class_exists('\\App\\Controller...', true)
#5 C:\xampp\htdocs\undangancnk2\system\CodeIgniter.php(388): CodeIgniter\CodeIgniter->startController()
#6 C:\xampp\htdocs\undangancnk2\system\CodeIgniter.php(306): CodeIgniter\CodeIgniter->handleRequest(NULL, Object(Config\Cache), false)
#7 C:\xampp\htdocs\undangancnk2\index.php(45): CodeIgniter\CodeIgniter->run()
#8 {main}
CRITICAL - 2022-02-04 13:58:46 --> syntax error, unexpected ';', expecting ')'
#0 C:\xampp\htdocs\undangancnk2\system\Autoloader\Autoloader.php(296): CodeIgniter\Autoloader\Autoloader->requireFile('C:\\xampp\\htdocs...')
#1 C:\xampp\htdocs\undangancnk2\system\Autoloader\Autoloader.php(258): CodeIgniter\Autoloader\Autoloader->loadInNamespace('App\\Controllers...')
#2 [internal function]: CodeIgniter\Autoloader\Autoloader->loadClass('App\\Controllers...')
#3 [internal function]: spl_autoload_call('App\\Controllers...')
#4 C:\xampp\htdocs\undangancnk2\system\CodeIgniter.php(861): class_exists('\\App\\Controller...', true)
#5 C:\xampp\htdocs\undangancnk2\system\CodeIgniter.php(388): CodeIgniter\CodeIgniter->startController()
#6 C:\xampp\htdocs\undangancnk2\system\CodeIgniter.php(306): CodeIgniter\CodeIgniter->handleRequest(NULL, Object(Config\Cache), false)
#7 C:\xampp\htdocs\undangancnk2\index.php(45): CodeIgniter\CodeIgniter->run()
#8 {main}
CRITICAL - 2022-02-04 13:58:46 --> syntax error, unexpected ';', expecting ')'
#0 C:\xampp\htdocs\undangancnk2\system\Autoloader\Autoloader.php(296): CodeIgniter\Autoloader\Autoloader->requireFile('C:\\xampp\\htdocs...')
#1 C:\xampp\htdocs\undangancnk2\system\Autoloader\Autoloader.php(258): CodeIgniter\Autoloader\Autoloader->loadInNamespace('App\\Controllers...')
#2 [internal function]: CodeIgniter\Autoloader\Autoloader->loadClass('App\\Controllers...')
#3 [internal function]: spl_autoload_call('App\\Controllers...')
#4 C:\xampp\htdocs\undangancnk2\system\CodeIgniter.php(861): class_exists('\\App\\Controller...', true)
#5 C:\xampp\htdocs\undangancnk2\system\CodeIgniter.php(388): CodeIgniter\CodeIgniter->startController()
#6 C:\xampp\htdocs\undangancnk2\system\CodeIgniter.php(306): CodeIgniter\CodeIgniter->handleRequest(NULL, Object(Config\Cache), false)
#7 C:\xampp\htdocs\undangancnk2\index.php(45): CodeIgniter\CodeIgniter->run()
#8 {main}
CRITICAL - 2022-02-04 13:58:46 --> syntax error, unexpected ';', expecting ')'
#0 C:\xampp\htdocs\undangancnk2\system\Autoloader\Autoloader.php(296): CodeIgniter\Autoloader\Autoloader->requireFile('C:\\xampp\\htdocs...')
#1 C:\xampp\htdocs\undangancnk2\system\Autoloader\Autoloader.php(258): CodeIgniter\Autoloader\Autoloader->loadInNamespace('App\\Controllers...')
#2 [internal function]: CodeIgniter\Autoloader\Autoloader->loadClass('App\\Controllers...')
#3 [internal function]: spl_autoload_call('App\\Controllers...')
#4 C:\xampp\htdocs\undangancnk2\system\CodeIgniter.php(861): class_exists('\\App\\Controller...', true)
#5 C:\xampp\htdocs\undangancnk2\system\CodeIgniter.php(388): CodeIgniter\CodeIgniter->startController()
#6 C:\xampp\htdocs\undangancnk2\system\CodeIgniter.php(306): CodeIgniter\CodeIgniter->handleRequest(NULL, Object(Config\Cache), false)
#7 C:\xampp\htdocs\undangancnk2\index.php(45): CodeIgniter\CodeIgniter->run()
#8 {main}
CRITICAL - 2022-02-04 13:59:13 --> syntax error, unexpected ';', expecting ')'
#0 C:\xampp\htdocs\undangancnk2\system\Autoloader\Autoloader.php(296): CodeIgniter\Autoloader\Autoloader->requireFile('C:\\xampp\\htdocs...')
#1 C:\xampp\htdocs\undangancnk2\system\Autoloader\Autoloader.php(258): CodeIgniter\Autoloader\Autoloader->loadInNamespace('App\\Controllers...')
#2 [internal function]: CodeIgniter\Autoloader\Autoloader->loadClass('App\\Controllers...')
#3 [internal function]: spl_autoload_call('App\\Controllers...')
#4 C:\xampp\htdocs\undangancnk2\system\CodeIgniter.php(861): class_exists('\\App\\Controller...', true)
#5 C:\xampp\htdocs\undangancnk2\system\CodeIgniter.php(388): CodeIgniter\CodeIgniter->startController()
#6 C:\xampp\htdocs\undangancnk2\system\CodeIgniter.php(306): CodeIgniter\CodeIgniter->handleRequest(NULL, Object(Config\Cache), false)
#7 C:\xampp\htdocs\undangancnk2\index.php(45): CodeIgniter\CodeIgniter->run()
#8 {main}
CRITICAL - 2022-02-04 13:59:48 --> syntax error, unexpected ';', expecting ')'
#0 C:\xampp\htdocs\undangancnk2\system\Autoloader\Autoloader.php(296): CodeIgniter\Autoloader\Autoloader->requireFile('C:\\xampp\\htdocs...')
#1 C:\xampp\htdocs\undangancnk2\system\Autoloader\Autoloader.php(258): CodeIgniter\Autoloader\Autoloader->loadInNamespace('App\\Controllers...')
#2 [internal function]: CodeIgniter\Autoloader\Autoloader->loadClass('App\\Controllers...')
#3 [internal function]: spl_autoload_call('App\\Controllers...')
#4 C:\xampp\htdocs\undangancnk2\system\CodeIgniter.php(861): class_exists('\\App\\Controller...', true)
#5 C:\xampp\htdocs\undangancnk2\system\CodeIgniter.php(388): CodeIgniter\CodeIgniter->startController()
#6 C:\xampp\htdocs\undangancnk2\system\CodeIgniter.php(306): CodeIgniter\CodeIgniter->handleRequest(NULL, Object(Config\Cache), false)
#7 C:\xampp\htdocs\undangancnk2\index.php(45): CodeIgniter\CodeIgniter->run()
#8 {main}
CRITICAL - 2022-02-04 13:59:48 --> syntax error, unexpected ';', expecting ')'
#0 C:\xampp\htdocs\undangancnk2\system\Autoloader\Autoloader.php(296): CodeIgniter\Autoloader\Autoloader->requireFile('C:\\xampp\\htdocs...')
#1 C:\xampp\htdocs\undangancnk2\system\Autoloader\Autoloader.php(258): CodeIgniter\Autoloader\Autoloader->loadInNamespace('App\\Controllers...')
#2 [internal function]: CodeIgniter\Autoloader\Autoloader->loadClass('App\\Controllers...')
#3 [internal function]: spl_autoload_call('App\\Controllers...')
#4 C:\xampp\htdocs\undangancnk2\system\CodeIgniter.php(861): class_exists('\\App\\Controller...', true)
#5 C:\xampp\htdocs\undangancnk2\system\CodeIgniter.php(388): CodeIgniter\CodeIgniter->startController()
#6 C:\xampp\htdocs\undangancnk2\system\CodeIgniter.php(306): CodeIgniter\CodeIgniter->handleRequest(NULL, Object(Config\Cache), false)
#7 C:\xampp\htdocs\undangancnk2\index.php(45): CodeIgniter\CodeIgniter->run()
#8 {main}
CRITICAL - 2022-02-04 13:59:49 --> syntax error, unexpected ';', expecting ')'
#0 C:\xampp\htdocs\undangancnk2\system\Autoloader\Autoloader.php(296): CodeIgniter\Autoloader\Autoloader->requireFile('C:\\xampp\\htdocs...')
#1 C:\xampp\htdocs\undangancnk2\system\Autoloader\Autoloader.php(258): CodeIgniter\Autoloader\Autoloader->loadInNamespace('App\\Controllers...')
#2 [internal function]: CodeIgniter\Autoloader\Autoloader->loadClass('App\\Controllers...')
#3 [internal function]: spl_autoload_call('App\\Controllers...')
#4 C:\xampp\htdocs\undangancnk2\system\CodeIgniter.php(861): class_exists('\\App\\Controller...', true)
#5 C:\xampp\htdocs\undangancnk2\system\CodeIgniter.php(388): CodeIgniter\CodeIgniter->startController()
#6 C:\xampp\htdocs\undangancnk2\system\CodeIgniter.php(306): CodeIgniter\CodeIgniter->handleRequest(NULL, Object(Config\Cache), false)
#7 C:\xampp\htdocs\undangancnk2\index.php(45): CodeIgniter\CodeIgniter->run()
#8 {main}
CRITICAL - 2022-02-04 14:01:22 --> syntax error, unexpected ';', expecting ')'
#0 C:\xampp\htdocs\undangancnk2\system\Autoloader\Autoloader.php(296): CodeIgniter\Autoloader\Autoloader->requireFile('C:\\xampp\\htdocs...')
#1 C:\xampp\htdocs\undangancnk2\system\Autoloader\Autoloader.php(258): CodeIgniter\Autoloader\Autoloader->loadInNamespace('App\\Controllers...')
#2 [internal function]: CodeIgniter\Autoloader\Autoloader->loadClass('App\\Controllers...')
#3 [internal function]: spl_autoload_call('App\\Controllers...')
#4 C:\xampp\htdocs\undangancnk2\system\CodeIgniter.php(861): class_exists('\\App\\Controller...', true)
#5 C:\xampp\htdocs\undangancnk2\system\CodeIgniter.php(388): CodeIgniter\CodeIgniter->startController()
#6 C:\xampp\htdocs\undangancnk2\system\CodeIgniter.php(306): CodeIgniter\CodeIgniter->handleRequest(NULL, Object(Config\Cache), false)
#7 C:\xampp\htdocs\undangancnk2\index.php(45): CodeIgniter\CodeIgniter->run()
#8 {main}
CRITICAL - 2022-02-04 14:01:23 --> syntax error, unexpected ';', expecting ')'
#0 C:\xampp\htdocs\undangancnk2\system\Autoloader\Autoloader.php(296): CodeIgniter\Autoloader\Autoloader->requireFile('C:\\xampp\\htdocs...')
#1 C:\xampp\htdocs\undangancnk2\system\Autoloader\Autoloader.php(258): CodeIgniter\Autoloader\Autoloader->loadInNamespace('App\\Controllers...')
#2 [internal function]: CodeIgniter\Autoloader\Autoloader->loadClass('App\\Controllers...')
#3 [internal function]: spl_autoload_call('App\\Controllers...')
#4 C:\xampp\htdocs\undangancnk2\system\CodeIgniter.php(861): class_exists('\\App\\Controller...', true)
#5 C:\xampp\htdocs\undangancnk2\system\CodeIgniter.php(388): CodeIgniter\CodeIgniter->startController()
#6 C:\xampp\htdocs\undangancnk2\system\CodeIgniter.php(306): CodeIgniter\CodeIgniter->handleRequest(NULL, Object(Config\Cache), false)
#7 C:\xampp\htdocs\undangancnk2\index.php(45): CodeIgniter\CodeIgniter->run()
#8 {main}
CRITICAL - 2022-02-04 14:01:23 --> syntax error, unexpected ';', expecting ')'
#0 C:\xampp\htdocs\undangancnk2\system\Autoloader\Autoloader.php(296): CodeIgniter\Autoloader\Autoloader->requireFile('C:\\xampp\\htdocs...')
#1 C:\xampp\htdocs\undangancnk2\system\Autoloader\Autoloader.php(258): CodeIgniter\Autoloader\Autoloader->loadInNamespace('App\\Controllers...')
#2 [internal function]: CodeIgniter\Autoloader\Autoloader->loadClass('App\\Controllers...')
#3 [internal function]: spl_autoload_call('App\\Controllers...')
#4 C:\xampp\htdocs\undangancnk2\system\CodeIgniter.php(861): class_exists('\\App\\Controller...', true)
#5 C:\xampp\htdocs\undangancnk2\system\CodeIgniter.php(388): CodeIgniter\CodeIgniter->startController()
#6 C:\xampp\htdocs\undangancnk2\system\CodeIgniter.php(306): CodeIgniter\CodeIgniter->handleRequest(NULL, Object(Config\Cache), false)
#7 C:\xampp\htdocs\undangancnk2\index.php(45): CodeIgniter\CodeIgniter->run()
#8 {main}
CRITICAL - 2022-02-04 14:01:29 --> syntax error, unexpected ';', expecting ')'
#0 C:\xampp\htdocs\undangancnk2\system\Autoloader\Autoloader.php(296): CodeIgniter\Autoloader\Autoloader->requireFile('C:\\xampp\\htdocs...')
#1 C:\xampp\htdocs\undangancnk2\system\Autoloader\Autoloader.php(258): CodeIgniter\Autoloader\Autoloader->loadInNamespace('App\\Controllers...')
#2 [internal function]: CodeIgniter\Autoloader\Autoloader->loadClass('App\\Controllers...')
#3 [internal function]: spl_autoload_call('App\\Controllers...')
#4 C:\xampp\htdocs\undangancnk2\system\CodeIgniter.php(861): class_exists('\\App\\Controller...', true)
#5 C:\xampp\htdocs\undangancnk2\system\CodeIgniter.php(388): CodeIgniter\CodeIgniter->startController()
#6 C:\xampp\htdocs\undangancnk2\system\CodeIgniter.php(306): CodeIgniter\CodeIgniter->handleRequest(NULL, Object(Config\Cache), false)
#7 C:\xampp\htdocs\undangancnk2\index.php(45): CodeIgniter\CodeIgniter->run()
#8 {main}
INFO - 2022-02-04 14:03:25 --> Controller "App\Controllers\base\Beranda" loaded.
INFO - 2022-02-04 14:07:06 --> Controller "App\Controllers\base\Beranda" loaded.
INFO - 2022-02-04 14:07:14 --> Controller "App\Controllers\base\Beranda" loaded.
INFO - 2022-02-04 19:49:48 --> Controller "App\Controllers\base\Beranda" loaded.
INFO - 2022-02-04 19:51:16 --> Controller "App\Controllers\base\Beranda" loaded.
INFO - 2022-02-04 19:51:17 --> Controller "App\Controllers\base\Beranda" loaded.
INFO - 2022-02-04 19:51:19 --> Controller "App\Controllers\base\Beranda" loaded.
INFO - 2022-02-04 19:51:51 --> Controller "App\Controllers\base\Beranda" loaded.
CRITICAL - 2022-02-04 19:52:42 --> syntax error, unexpected '$result' (T_VARIABLE), expecting function (T_FUNCTION) or const (T_CONST)
#0 C:\xampp\htdocs\undangancnk2\system\Autoloader\Autoloader.php(296): CodeIgniter\Autoloader\Autoloader->requireFile('C:\\xampp\\htdocs...')
#1 C:\xampp\htdocs\undangancnk2\system\Autoloader\Autoloader.php(258): CodeIgniter\Autoloader\Autoloader->loadInNamespace('Config\\Database')
#2 [internal function]: CodeIgniter\Autoloader\Autoloader->loadClass('Config\\Database')
#3 C:\xampp\htdocs\undangancnk2\system\Model.php(336): spl_autoload_call('Config\\Database')
#4 C:\xampp\htdocs\undangancnk2\app\Models\base\BerandaModel.php(11): CodeIgniter\Model->__construct()
#5 C:\xampp\htdocs\undangancnk2\app\Controllers\base\Beranda.php(19): App\Models\base\BerandaModel->__construct()
#6 C:\xampp\htdocs\undangancnk2\system\CodeIgniter.php(882): App\Controllers\base\Beranda->__construct()
#7 C:\xampp\htdocs\undangancnk2\system\CodeIgniter.php(393): CodeIgniter\CodeIgniter->createController()
#8 C:\xampp\htdocs\undangancnk2\system\CodeIgniter.php(306): CodeIgniter\CodeIgniter->handleRequest(NULL, Object(Config\Cache), false)
#9 C:\xampp\htdocs\undangancnk2\index.php(45): CodeIgniter\CodeIgniter->run()
#10 {main}
CRITICAL - 2022-02-04 19:52:45 --> syntax error, unexpected '$result' (T_VARIABLE), expecting function (T_FUNCTION) or const (T_CONST)
#0 C:\xampp\htdocs\undangancnk2\system\Autoloader\Autoloader.php(296): CodeIgniter\Autoloader\Autoloader->requireFile('C:\\xampp\\htdocs...')
#1 C:\xampp\htdocs\undangancnk2\system\Autoloader\Autoloader.php(258): CodeIgniter\Autoloader\Autoloader->loadInNamespace('Config\\Database')
#2 [internal function]: CodeIgniter\Autoloader\Autoloader->loadClass('Config\\Database')
#3 C:\xampp\htdocs\undangancnk2\system\Model.php(336): spl_autoload_call('Config\\Database')
#4 C:\xampp\htdocs\undangancnk2\app\Models\base\BerandaModel.php(11): CodeIgniter\Model->__construct()
#5 C:\xampp\htdocs\undangancnk2\app\Controllers\base\Beranda.php(19): App\Models\base\BerandaModel->__construct()
#6 C:\xampp\htdocs\undangancnk2\system\CodeIgniter.php(882): App\Controllers\base\Beranda->__construct()
#7 C:\xampp\htdocs\undangancnk2\system\CodeIgniter.php(393): CodeIgniter\CodeIgniter->createController()
#8 C:\xampp\htdocs\undangancnk2\system\CodeIgniter.php(306): CodeIgniter\CodeIgniter->handleRequest(NULL, Object(Config\Cache), false)
#9 C:\xampp\htdocs\undangancnk2\index.php(45): CodeIgniter\CodeIgniter->run()
#10 {main}
CRITICAL - 2022-02-04 19:52:46 --> syntax error, unexpected '$result' (T_VARIABLE), expecting function (T_FUNCTION) or const (T_CONST)
#0 C:\xampp\htdocs\undangancnk2\system\Autoloader\Autoloader.php(296): CodeIgniter\Autoloader\Autoloader->requireFile('C:\\xampp\\htdocs...')
#1 C:\xampp\htdocs\undangancnk2\system\Autoloader\Autoloader.php(258): CodeIgniter\Autoloader\Autoloader->loadInNamespace('Config\\Database')
#2 [internal function]: CodeIgniter\Autoloader\Autoloader->loadClass('Config\\Database')
#3 C:\xampp\htdocs\undangancnk2\system\Model.php(336): spl_autoload_call('Config\\Database')
#4 C:\xampp\htdocs\undangancnk2\app\Models\base\BerandaModel.php(11): CodeIgniter\Model->__construct()
#5 C:\xampp\htdocs\undangancnk2\app\Controllers\base\Beranda.php(19): App\Models\base\BerandaModel->__construct()
#6 C:\xampp\htdocs\undangancnk2\system\CodeIgniter.php(882): App\Controllers\base\Beranda->__construct()
#7 C:\xampp\htdocs\undangancnk2\system\CodeIgniter.php(393): CodeIgniter\CodeIgniter->createController()
#8 C:\xampp\htdocs\undangancnk2\system\CodeIgniter.php(306): CodeIgniter\CodeIgniter->handleRequest(NULL, Object(Config\Cache), false)
#9 C:\xampp\htdocs\undangancnk2\index.php(45): CodeIgniter\CodeIgniter->run()
#10 {main}
CRITICAL - 2022-02-04 19:52:46 --> syntax error, unexpected '$result' (T_VARIABLE), expecting function (T_FUNCTION) or const (T_CONST)
#0 C:\xampp\htdocs\undangancnk2\system\Autoloader\Autoloader.php(296): CodeIgniter\Autoloader\Autoloader->requireFile('C:\\xampp\\htdocs...')
#1 C:\xampp\htdocs\undangancnk2\system\Autoloader\Autoloader.php(258): CodeIgniter\Autoloader\Autoloader->loadInNamespace('Config\\Database')
#2 [internal function]: CodeIgniter\Autoloader\Autoloader->loadClass('Config\\Database')
#3 C:\xampp\htdocs\undangancnk2\system\Model.php(336): spl_autoload_call('Config\\Database')
#4 C:\xampp\htdocs\undangancnk2\app\Models\base\BerandaModel.php(11): CodeIgniter\Model->__construct()
#5 C:\xampp\htdocs\undangancnk2\app\Controllers\base\Beranda.php(19): App\Models\base\BerandaModel->__construct()
#6 C:\xampp\htdocs\undangancnk2\system\CodeIgniter.php(882): App\Controllers\base\Beranda->__construct()
#7 C:\xampp\htdocs\undangancnk2\system\CodeIgniter.php(393): CodeIgniter\CodeIgniter->createController()
#8 C:\xampp\htdocs\undangancnk2\system\CodeIgniter.php(306): CodeIgniter\CodeIgniter->handleRequest(NULL, Object(Config\Cache), false)
#9 C:\xampp\htdocs\undangancnk2\index.php(45): CodeIgniter\CodeIgniter->run()
#10 {main}
CRITICAL - 2022-02-04 19:52:47 --> syntax error, unexpected '$result' (T_VARIABLE), expecting function (T_FUNCTION) or const (T_CONST)
#0 C:\xampp\htdocs\undangancnk2\system\Autoloader\Autoloader.php(296): CodeIgniter\Autoloader\Autoloader->requireFile('C:\\xampp\\htdocs...')
#1 C:\xampp\htdocs\undangancnk2\system\Autoloader\Autoloader.php(258): CodeIgniter\Autoloader\Autoloader->loadInNamespace('Config\\Database')
#2 [internal function]: CodeIgniter\Autoloader\Autoloader->loadClass('Config\\Database')
#3 C:\xampp\htdocs\undangancnk2\system\Model.php(336): spl_autoload_call('Config\\Database')
#4 C:\xampp\htdocs\undangancnk2\app\Models\base\BerandaModel.php(11): CodeIgniter\Model->__construct()
#5 C:\xampp\htdocs\undangancnk2\app\Controllers\base\Beranda.php(19): App\Models\base\BerandaModel->__construct()
#6 C:\xampp\htdocs\undangancnk2\system\CodeIgniter.php(882): App\Controllers\base\Beranda->__construct()
#7 C:\xampp\htdocs\undangancnk2\system\CodeIgniter.php(393): CodeIgniter\CodeIgniter->createController()
#8 C:\xampp\htdocs\undangancnk2\system\CodeIgniter.php(306): CodeIgniter\CodeIgniter->handleRequest(NULL, Object(Config\Cache), false)
#9 C:\xampp\htdocs\undangancnk2\index.php(45): CodeIgniter\CodeIgniter->run()
#10 {main}
CRITICAL - 2022-02-04 19:52:48 --> syntax error, unexpected '$result' (T_VARIABLE), expecting function (T_FUNCTION) or const (T_CONST)
#0 C:\xampp\htdocs\undangancnk2\system\Autoloader\Autoloader.php(296): CodeIgniter\Autoloader\Autoloader->requireFile('C:\\xampp\\htdocs...')
#1 C:\xampp\htdocs\undangancnk2\system\Autoloader\Autoloader.php(258): CodeIgniter\Autoloader\Autoloader->loadInNamespace('Config\\Database')
#2 [internal function]: CodeIgniter\Autoloader\Autoloader->loadClass('Config\\Database')
#3 C:\xampp\htdocs\undangancnk2\system\Model.php(336): spl_autoload_call('Config\\Database')
#4 C:\xampp\htdocs\undangancnk2\app\Models\base\BerandaModel.php(11): CodeIgniter\Model->__construct()
#5 C:\xampp\htdocs\undangancnk2\app\Controllers\base\Beranda.php(19): App\Models\base\BerandaModel->__construct()
#6 C:\xampp\htdocs\undangancnk2\system\CodeIgniter.php(882): App\Controllers\base\Beranda->__construct()
#7 C:\xampp\htdocs\undangancnk2\system\CodeIgniter.php(393): CodeIgniter\CodeIgniter->createController()
#8 C:\xampp\htdocs\undangancnk2\system\CodeIgniter.php(306): CodeIgniter\CodeIgniter->handleRequest(NULL, Object(Config\Cache), false)
#9 C:\xampp\htdocs\undangancnk2\index.php(45): CodeIgniter\CodeIgniter->run()
#10 {main}
CRITICAL - 2022-02-04 19:52:55 --> syntax error, unexpected '$result' (T_VARIABLE), expecting function (T_FUNCTION) or const (T_CONST)
#0 C:\xampp\htdocs\undangancnk2\system\Autoloader\Autoloader.php(296): CodeIgniter\Autoloader\Autoloader->requireFile('C:\\xampp\\htdocs...')
#1 C:\xampp\htdocs\undangancnk2\system\Autoloader\Autoloader.php(258): CodeIgniter\Autoloader\Autoloader->loadInNamespace('Config\\Database')
#2 [internal function]: CodeIgniter\Autoloader\Autoloader->loadClass('Config\\Database')
#3 C:\xampp\htdocs\undangancnk2\system\Model.php(336): spl_autoload_call('Config\\Database')
#4 C:\xampp\htdocs\undangancnk2\app\Models\base\BerandaModel.php(11): CodeIgniter\Model->__construct()
#5 C:\xampp\htdocs\undangancnk2\app\Controllers\base\Beranda.php(19): App\Models\base\BerandaModel->__construct()
#6 C:\xampp\htdocs\undangancnk2\system\CodeIgniter.php(882): App\Controllers\base\Beranda->__construct()
#7 C:\xampp\htdocs\undangancnk2\system\CodeIgniter.php(393): CodeIgniter\CodeIgniter->createController()
#8 C:\xampp\htdocs\undangancnk2\system\CodeIgniter.php(306): CodeIgniter\CodeIgniter->handleRequest(NULL, Object(Config\Cache), false)
#9 C:\xampp\htdocs\undangancnk2\index.php(45): CodeIgniter\CodeIgniter->run()
#10 {main}
CRITICAL - 2022-02-04 19:54:29 --> syntax error, unexpected '$result' (T_VARIABLE), expecting function (T_FUNCTION) or const (T_CONST)
#0 C:\xampp\htdocs\undangancnk2\system\Autoloader\Autoloader.php(296): CodeIgniter\Autoloader\Autoloader->requireFile('C:\\xampp\\htdocs...')
#1 C:\xampp\htdocs\undangancnk2\system\Autoloader\Autoloader.php(258): CodeIgniter\Autoloader\Autoloader->loadInNamespace('App\\Controllers...')
#2 [internal function]: CodeIgniter\Autoloader\Autoloader->loadClass('App\\Controllers...')
#3 [internal function]: spl_autoload_call('App\\Controllers...')
#4 C:\xampp\htdocs\undangancnk2\system\CodeIgniter.php(861): class_exists('\\App\\Controller...', true)
#5 C:\xampp\htdocs\undangancnk2\system\CodeIgniter.php(388): CodeIgniter\CodeIgniter->startController()
#6 C:\xampp\htdocs\undangancnk2\system\CodeIgniter.php(306): CodeIgniter\CodeIgniter->handleRequest(NULL, Object(Config\Cache), false)
#7 C:\xampp\htdocs\undangancnk2\index.php(45): CodeIgniter\CodeIgniter->run()
#8 {main}
CRITICAL - 2022-02-04 19:54:30 --> syntax error, unexpected '$result' (T_VARIABLE), expecting function (T_FUNCTION) or const (T_CONST)
#0 C:\xampp\htdocs\undangancnk2\system\Autoloader\Autoloader.php(296): CodeIgniter\Autoloader\Autoloader->requireFile('C:\\xampp\\htdocs...')
#1 C:\xampp\htdocs\undangancnk2\system\Autoloader\Autoloader.php(258): CodeIgniter\Autoloader\Autoloader->loadInNamespace('App\\Controllers...')
#2 [internal function]: CodeIgniter\Autoloader\Autoloader->loadClass('App\\Controllers...')
#3 [internal function]: spl_autoload_call('App\\Controllers...')
#4 C:\xampp\htdocs\undangancnk2\system\CodeIgniter.php(861): class_exists('\\App\\Controller...', true)
#5 C:\xampp\htdocs\undangancnk2\system\CodeIgniter.php(388): CodeIgniter\CodeIgniter->startController()
#6 C:\xampp\htdocs\undangancnk2\system\CodeIgniter.php(306): CodeIgniter\CodeIgniter->handleRequest(NULL, Object(Config\Cache), false)
#7 C:\xampp\htdocs\undangancnk2\index.php(45): CodeIgniter\CodeIgniter->run()
#8 {main}
INFO - 2022-02-04 19:54:36 --> Controller "App\Controllers\base\Beranda" loaded.
INFO - 2022-02-04 19:58:18 --> Controller "App\Controllers\base\Beranda" loaded.
INFO - 2022-02-04 19:58:20 --> Controller "App\Controllers\base\Beranda" loaded.
INFO - 2022-02-04 19:58:21 --> Controller "App\Controllers\base\Beranda" loaded.
INFO - 2022-02-04 19:58:22 --> Controller "App\Controllers\base\Beranda" loaded.
INFO - 2022-02-04 19:58:23 --> Controller "App\Controllers\base\Beranda" loaded.
INFO - 2022-02-04 19:59:44 --> Controller "App\Controllers\base\Beranda" loaded.
INFO - 2022-02-04 19:59:46 --> Controller "App\Controllers\base\Beranda" loaded.
INFO - 2022-02-04 19:59:48 --> Controller "App\Controllers\base\Beranda" loaded.
INFO - 2022-02-04 19:59:49 --> Controller "App\Controllers\base\Beranda" loaded.
INFO - 2022-02-04 19:59:53 --> Controller "App\Controllers\base\Beranda" loaded.
INFO - 2022-02-04 20:06:40 --> Controller "App\Controllers\base\Beranda" loaded.
INFO - 2022-02-04 20:09:59 --> Controller "App\Controllers\base\Beranda" loaded.
INFO - 2022-02-04 20:10:03 --> Controller "App\Controllers\base\Beranda" loaded.
INFO - 2022-02-04 20:12:57 --> Controller "App\Controllers\base\Beranda" loaded.
INFO - 2022-02-04 20:14:53 --> Controller "App\Controllers\base\Beranda" loaded.
INFO - 2022-02-04 20:15:26 --> Controller "App\Controllers\base\Beranda" loaded.
INFO - 2022-02-04 20:27:12 --> Session: Class initialized using 'CodeIgniter\Session\Handlers\FileHandler' driver.
INFO - 2022-02-04 20:27:12 --> Controller "App\Controllers\base\Order" loaded.
INFO - 2022-02-04 20:27:16 --> Controller "App\Controllers\base\Beranda" loaded.
INFO - 2022-02-04 20:27:27 --> Controller "App\Controllers\base\Beranda" loaded.
INFO - 2022-02-04 20:27:54 --> Controller "App\Controllers\base\Beranda" loaded.
INFO - 2022-02-04 20:27:56 --> Controller "App\Controllers\base\Beranda" loaded.
