INFO - 2022-02-01 19:55:35 --> Controller "App\Controllers\base\Beranda" loaded.
INFO - 2022-02-01 19:56:03 --> Controller "App\Controllers\base\Beranda" loaded.
INFO - 2022-02-01 19:56:06 --> Controller "App\Controllers\base\Beranda" loaded.
INFO - 2022-02-01 19:56:32 --> Controller "App\Controllers\base\Beranda" loaded.
INFO - 2022-02-01 19:57:22 --> Controller "App\Controllers\base\Beranda" loaded.
INFO - 2022-02-01 19:57:26 --> Controller "App\Controllers\base\Beranda" loaded.
INFO - 2022-02-01 19:57:39 --> Controller "App\Controllers\base\Beranda" loaded.
INFO - 2022-02-01 19:59:43 --> Controller "App\Controllers\base\Beranda" loaded.
INFO - 2022-02-01 19:59:48 --> Session: Class initialized using 'CodeIgniter\Session\Handlers\FileHandler' driver.
INFO - 2022-02-01 19:59:48 --> Controller "App\Controllers\base\Order" loaded.
INFO - 2022-02-01 19:59:48 --> Controller "App\Controllers\base\Beranda" loaded.
INFO - 2022-02-01 19:59:51 --> Session: Class initialized using 'CodeIgniter\Session\Handlers\FileHandler' driver.
INFO - 2022-02-01 19:59:51 --> Controller "App\Controllers\base\Order" loaded.
INFO - 2022-02-01 20:00:25 --> Controller "App\Controllers\base\Beranda" loaded.
INFO - 2022-02-01 20:00:48 --> Controller "App\Controllers\base\Beranda" loaded.
INFO - 2022-02-01 20:00:55 --> Controller "App\Controllers\base\Beranda" loaded.
INFO - 2022-02-01 20:04:34 --> Controller "App\Controllers\base\Beranda" loaded.
INFO - 2022-02-01 20:04:39 --> Controller "App\Controllers\base\Beranda" loaded.
INFO - 2022-02-01 20:04:42 --> Controller "App\Controllers\base\Beranda" loaded.
INFO - 2022-02-01 20:05:43 --> Controller "App\Controllers\base\Beranda" loaded.
INFO - 2022-02-01 20:06:48 --> Controller "App\Controllers\base\Beranda" loaded.
INFO - 2022-02-01 20:07:37 --> Session: Class initialized using 'CodeIgniter\Session\Handlers\FileHandler' driver.
INFO - 2022-02-01 20:07:37 --> Controller "App\Controllers\base\Order" loaded.
INFO - 2022-02-01 20:07:43 --> Controller "App\Controllers\base\Beranda" loaded.
INFO - 2022-02-01 20:07:45 --> Session: Class initialized using 'CodeIgniter\Session\Handlers\FileHandler' driver.
INFO - 2022-02-01 20:07:45 --> Controller "App\Controllers\base\Order" loaded.
INFO - 2022-02-01 20:07:50 --> Controller "App\Controllers\base\Beranda" loaded.
INFO - 2022-02-01 20:08:04 --> Controller "App\Controllers\base\Beranda" loaded.
INFO - 2022-02-01 20:08:07 --> Controller "App\Controllers\base\Beranda" loaded.
INFO - 2022-02-01 20:09:15 --> Controller "App\Controllers\base\Beranda" loaded.
INFO - 2022-02-01 20:14:32 --> Controller "App\Controllers\base\Beranda" loaded.
INFO - 2022-02-01 20:14:34 --> Session: Class initialized using 'CodeIgniter\Session\Handlers\FileHandler' driver.
INFO - 2022-02-01 20:14:34 --> Controller "App\Controllers\base\Order" loaded.
INFO - 2022-02-01 20:14:36 --> Controller "App\Controllers\base\Beranda" loaded.
INFO - 2022-02-01 20:14:42 --> Controller "App\Controllers\base\Beranda" loaded.
INFO - 2022-02-01 20:18:51 --> Controller "App\Controllers\base\Beranda" loaded.
INFO - 2022-02-01 20:18:55 --> Session: Class initialized using 'CodeIgniter\Session\Handlers\FileHandler' driver.
INFO - 2022-02-01 20:18:55 --> Controller "App\Controllers\base\Dashboard" loaded.
INFO - 2022-02-01 20:18:57 --> Session: Class initialized using 'CodeIgniter\Session\Handlers\FileHandler' driver.
INFO - 2022-02-01 20:18:57 --> Controller "App\Controllers\base\Lupa_password" loaded.
INFO - 2022-02-01 20:19:07 --> Session: Class initialized using 'CodeIgniter\Session\Handlers\FileHandler' driver.
INFO - 2022-02-01 20:19:07 --> Controller "App\Controllers\base\Dashboard" loaded.
INFO - 2022-02-01 20:19:09 --> Session: Class initialized using 'CodeIgniter\Session\Handlers\FileHandler' driver.
INFO - 2022-02-01 20:19:09 --> Controller "App\Controllers\base\Lupa_password" loaded.
INFO - 2022-02-01 20:19:11 --> Session: Class initialized using 'CodeIgniter\Session\Handlers\FileHandler' driver.
INFO - 2022-02-01 20:19:11 --> Controller "App\Controllers\base\Dashboard" loaded.
INFO - 2022-02-01 20:19:12 --> Controller "App\Controllers\base\Beranda" loaded.
INFO - 2022-02-01 20:22:49 --> Controller "App\Controllers\base\Beranda" loaded.
INFO - 2022-02-01 20:23:26 --> Controller "App\Controllers\base\Beranda" loaded.
INFO - 2022-02-01 20:23:32 --> Controller "App\Controllers\base\Beranda" loaded.
INFO - 2022-02-01 20:23:37 --> Controller "App\Controllers\base\Beranda" loaded.
INFO - 2022-02-01 20:23:52 --> Controller "App\Controllers\base\Beranda" loaded.
INFO - 2022-02-01 20:24:44 --> Session: Class initialized using 'CodeIgniter\Session\Handlers\FileHandler' driver.
INFO - 2022-02-01 20:24:44 --> Controller "App\Controllers\base\Order" loaded.
INFO - 2022-02-01 20:25:19 --> Session: Class initialized using 'CodeIgniter\Session\Handlers\FileHandler' driver.
INFO - 2022-02-01 20:25:19 --> Controller "App\Controllers\base\Order" loaded.
INFO - 2022-02-01 20:25:52 --> Session: Class initialized using 'CodeIgniter\Session\Handlers\FileHandler' driver.
INFO - 2022-02-01 20:25:52 --> Controller "App\Controllers\base\Order" loaded.
INFO - 2022-02-01 20:25:59 --> Session: Class initialized using 'CodeIgniter\Session\Handlers\FileHandler' driver.
INFO - 2022-02-01 20:25:59 --> Controller "App\Controllers\base\Order" loaded.
INFO - 2022-02-01 20:26:09 --> Session: Class initialized using 'CodeIgniter\Session\Handlers\FileHandler' driver.
INFO - 2022-02-01 20:26:09 --> Controller "App\Controllers\base\Order" loaded.
INFO - 2022-02-01 20:26:20 --> Session: Class initialized using 'CodeIgniter\Session\Handlers\FileHandler' driver.
INFO - 2022-02-01 20:26:20 --> Controller "App\Controllers\base\Order" loaded.
INFO - 2022-02-01 20:26:21 --> Session: Class initialized using 'CodeIgniter\Session\Handlers\FileHandler' driver.
INFO - 2022-02-01 20:26:21 --> Controller "App\Controllers\base\Order" loaded.
INFO - 2022-02-01 20:26:38 --> Session: Class initialized using 'CodeIgniter\Session\Handlers\FileHandler' driver.
INFO - 2022-02-01 20:26:38 --> Controller "App\Controllers\base\Order" loaded.
INFO - 2022-02-01 20:26:40 --> Session: Class initialized using 'CodeIgniter\Session\Handlers\FileHandler' driver.
INFO - 2022-02-01 20:26:40 --> Controller "App\Controllers\base\Order" loaded.
INFO - 2022-02-01 20:26:41 --> Controller "App\Controllers\base\Beranda" loaded.
INFO - 2022-02-01 20:26:43 --> Session: Class initialized using 'CodeIgniter\Session\Handlers\FileHandler' driver.
INFO - 2022-02-01 20:26:43 --> Controller "App\Controllers\base\Order" loaded.
INFO - 2022-02-01 20:26:46 --> Session: Class initialized using 'CodeIgniter\Session\Handlers\FileHandler' driver.
INFO - 2022-02-01 20:26:46 --> Controller "App\Controllers\base\Order" loaded.
INFO - 2022-02-01 20:26:47 --> Session: Class initialized using 'CodeIgniter\Session\Handlers\FileHandler' driver.
INFO - 2022-02-01 20:26:47 --> Controller "App\Controllers\base\Order" loaded.
INFO - 2022-02-01 20:27:33 --> Session: Class initialized using 'CodeIgniter\Session\Handlers\FileHandler' driver.
INFO - 2022-02-01 20:27:33 --> Controller "App\Controllers\base\Order" loaded.
INFO - 2022-02-01 20:27:36 --> Session: Class initialized using 'CodeIgniter\Session\Handlers\FileHandler' driver.
INFO - 2022-02-01 20:27:36 --> Controller "App\Controllers\base\Order" loaded.
INFO - 2022-02-01 20:27:48 --> Controller "App\Controllers\base\Beranda" loaded.
INFO - 2022-02-01 20:28:43 --> Controller "App\Controllers\base\Beranda" loaded.
INFO - 2022-02-01 20:36:03 --> Session: Class initialized using 'CodeIgniter\Session\Handlers\FileHandler' driver.
INFO - 2022-02-01 20:36:03 --> Controller "App\Controllers\base\Order" loaded.
INFO - 2022-02-01 20:38:45 --> Session: Class initialized using 'CodeIgniter\Session\Handlers\FileHandler' driver.
INFO - 2022-02-01 20:38:45 --> Controller "App\Controllers\base\Order" loaded.
INFO - 2022-02-01 20:39:34 --> Session: Class initialized using 'CodeIgniter\Session\Handlers\FileHandler' driver.
INFO - 2022-02-01 20:39:34 --> Controller "App\Controllers\base\Order" loaded.
INFO - 2022-02-01 20:42:58 --> Session: Class initialized using 'CodeIgniter\Session\Handlers\FileHandler' driver.
INFO - 2022-02-01 20:42:58 --> Controller "App\Controllers\base\Order" loaded.
INFO - 2022-02-01 20:43:00 --> Session: Class initialized using 'CodeIgniter\Session\Handlers\FileHandler' driver.
INFO - 2022-02-01 20:43:00 --> Controller "App\Controllers\base\Order" loaded.
INFO - 2022-02-01 20:43:02 --> Controller "App\Controllers\base\Beranda" loaded.
INFO - 2022-02-01 20:50:45 --> Controller "App\Controllers\base\Beranda" loaded.
INFO - 2022-02-01 20:51:08 --> Session: Class initialized using 'CodeIgniter\Session\Handlers\FileHandler' driver.
INFO - 2022-02-01 20:51:08 --> Controller "App\Controllers\base\Dashboard" loaded.
INFO - 2022-02-01 20:51:08 --> Session: Class initialized using 'CodeIgniter\Session\Handlers\FileHandler' driver.
INFO - 2022-02-01 20:51:08 --> Controller "App\Controllers\base\Dashboard" loaded.
INFO - 2022-02-01 20:51:55 --> Session: Class initialized using 'CodeIgniter\Session\Handlers\FileHandler' driver.
INFO - 2022-02-01 20:51:55 --> Controller "App\Controllers\base\Dashboard" loaded.
INFO - 2022-02-01 20:51:58 --> Session: Class initialized using 'CodeIgniter\Session\Handlers\FileHandler' driver.
INFO - 2022-02-01 20:51:58 --> Controller "App\Controllers\base\Dashboard" loaded.
INFO - 2022-02-01 20:52:04 --> Session: Class initialized using 'CodeIgniter\Session\Handlers\FileHandler' driver.
INFO - 2022-02-01 20:52:04 --> Controller "App\Controllers\base\Dashboard" loaded.
INFO - 2022-02-01 20:52:07 --> Session: Class initialized using 'CodeIgniter\Session\Handlers\FileHandler' driver.
INFO - 2022-02-01 20:52:07 --> Controller "App\Controllers\base\Dashboard" loaded.
INFO - 2022-02-01 20:52:12 --> Session: Class initialized using 'CodeIgniter\Session\Handlers\FileHandler' driver.
INFO - 2022-02-01 20:52:12 --> Controller "App\Controllers\base\Dashboard" loaded.
INFO - 2022-02-01 20:52:16 --> Session: Class initialized using 'CodeIgniter\Session\Handlers\FileHandler' driver.
INFO - 2022-02-01 20:52:16 --> Controller "App\Controllers\base\Dashboard" loaded.
INFO - 2022-02-01 20:52:22 --> Session: Class initialized using 'CodeIgniter\Session\Handlers\FileHandler' driver.
INFO - 2022-02-01 20:52:22 --> Controller "App\Controllers\base\Dashboard" loaded.
INFO - 2022-02-01 20:52:32 --> Session: Class initialized using 'CodeIgniter\Session\Handlers\FileHandler' driver.
INFO - 2022-02-01 20:52:32 --> Controller "App\Controllers\base\Dashboard" loaded.
INFO - 2022-02-01 20:52:39 --> Session: Class initialized using 'CodeIgniter\Session\Handlers\FileHandler' driver.
INFO - 2022-02-01 20:52:39 --> Controller "App\Controllers\base\Dashboard" loaded.
INFO - 2022-02-01 20:53:00 --> Session: Class initialized using 'CodeIgniter\Session\Handlers\FileHandler' driver.
INFO - 2022-02-01 20:53:00 --> Controller "App\Controllers\base\Dashboard" loaded.
INFO - 2022-02-01 20:53:16 --> Session: Class initialized using 'CodeIgniter\Session\Handlers\FileHandler' driver.
INFO - 2022-02-01 20:53:16 --> Controller "App\Controllers\base\Dashboard" loaded.
INFO - 2022-02-01 20:53:23 --> Session: Class initialized using 'CodeIgniter\Session\Handlers\FileHandler' driver.
INFO - 2022-02-01 20:53:23 --> Controller "App\Controllers\base\Dashboard" loaded.
INFO - 2022-02-01 20:54:47 --> Session: Class initialized using 'CodeIgniter\Session\Handlers\FileHandler' driver.
INFO - 2022-02-01 20:54:47 --> Controller "App\Controllers\base\Dashboard" loaded.
INFO - 2022-02-01 20:54:49 --> Session: Class initialized using 'CodeIgniter\Session\Handlers\FileHandler' driver.
INFO - 2022-02-01 20:54:49 --> Controller "App\Controllers\base\Dashboard" loaded.
INFO - 2022-02-01 20:54:55 --> Session: Class initialized using 'CodeIgniter\Session\Handlers\FileHandler' driver.
INFO - 2022-02-01 20:54:55 --> Controller "App\Controllers\base\Dashboard" loaded.
INFO - 2022-02-01 20:55:06 --> Session: Class initialized using 'CodeIgniter\Session\Handlers\FileHandler' driver.
INFO - 2022-02-01 20:55:06 --> Controller "App\Controllers\base\Dashboard" loaded.
INFO - 2022-02-01 20:55:06 --> Session: Class initialized using 'CodeIgniter\Session\Handlers\FileHandler' driver.
INFO - 2022-02-01 20:55:06 --> Controller "App\Controllers\base\Dashboard" loaded.
INFO - 2022-02-01 20:55:17 --> Session: Class initialized using 'CodeIgniter\Session\Handlers\FileHandler' driver.
INFO - 2022-02-01 20:55:17 --> Controller "App\Controllers\base\Dashboard" loaded.
INFO - 2022-02-01 20:55:20 --> Session: Class initialized using 'CodeIgniter\Session\Handlers\FileHandler' driver.
INFO - 2022-02-01 20:55:20 --> Controller "App\Controllers\base\Dashboard" loaded.
INFO - 2022-02-01 20:55:25 --> Session: Class initialized using 'CodeIgniter\Session\Handlers\FileHandler' driver.
INFO - 2022-02-01 20:55:25 --> Controller "App\Controllers\base\Dashboard" loaded.
INFO - 2022-02-01 20:55:25 --> Session: Class initialized using 'CodeIgniter\Session\Handlers\FileHandler' driver.
INFO - 2022-02-01 20:55:25 --> Controller "App\Controllers\base\Dashboard" loaded.
INFO - 2022-02-01 20:55:29 --> Session: Class initialized using 'CodeIgniter\Session\Handlers\FileHandler' driver.
INFO - 2022-02-01 20:55:29 --> Controller "App\Controllers\base\Lupa_password" loaded.
INFO - 2022-02-01 20:55:31 --> Session: Class initialized using 'CodeIgniter\Session\Handlers\FileHandler' driver.
INFO - 2022-02-01 20:55:31 --> Controller "App\Controllers\base\Dashboard" loaded.
INFO - 2022-02-01 20:55:33 --> Session: Class initialized using 'CodeIgniter\Session\Handlers\FileHandler' driver.
INFO - 2022-02-01 20:55:33 --> Controller "App\Controllers\base\Lupa_password" loaded.
INFO - 2022-02-01 20:55:36 --> Session: Class initialized using 'CodeIgniter\Session\Handlers\FileHandler' driver.
INFO - 2022-02-01 20:55:36 --> Controller "App\Controllers\base\Lupa_password" loaded.
INFO - 2022-02-01 20:55:37 --> Session: Class initialized using 'CodeIgniter\Session\Handlers\FileHandler' driver.
INFO - 2022-02-01 20:55:37 --> Controller "App\Controllers\base\Lupa_password" loaded.
INFO - 2022-02-01 20:55:44 --> Session: Class initialized using 'CodeIgniter\Session\Handlers\FileHandler' driver.
INFO - 2022-02-01 20:55:44 --> Controller "App\Controllers\base\Lupa_password" loaded.
INFO - 2022-02-01 20:55:44 --> Session: Class initialized using 'CodeIgniter\Session\Handlers\FileHandler' driver.
INFO - 2022-02-01 20:55:44 --> Controller "App\Controllers\base\Lupa_password" loaded.
INFO - 2022-02-01 20:55:51 --> Session: Class initialized using 'CodeIgniter\Session\Handlers\FileHandler' driver.
INFO - 2022-02-01 20:55:51 --> Controller "App\Controllers\base\Lupa_password" loaded.
INFO - 2022-02-01 20:55:53 --> Session: Class initialized using 'CodeIgniter\Session\Handlers\FileHandler' driver.
INFO - 2022-02-01 20:55:53 --> Controller "App\Controllers\base\Lupa_password" loaded.
INFO - 2022-02-01 20:55:55 --> Session: Class initialized using 'CodeIgniter\Session\Handlers\FileHandler' driver.
INFO - 2022-02-01 20:55:55 --> Controller "App\Controllers\base\Dashboard" loaded.
INFO - 2022-02-01 20:56:00 --> Controller "App\Controllers\base\Beranda" loaded.
INFO - 2022-02-01 20:57:35 --> Session: Class initialized using 'CodeIgniter\Session\Handlers\FileHandler' driver.
INFO - 2022-02-01 20:57:35 --> Controller "App\Controllers\base\Dashboard" loaded.
INFO - 2022-02-01 20:57:44 --> Session: Class initialized using 'CodeIgniter\Session\Handlers\FileHandler' driver.
INFO - 2022-02-01 20:57:44 --> Controller "App\Controllers\base\Dashboard" loaded.
INFO - 2022-02-01 20:57:44 --> Session: Class initialized using 'CodeIgniter\Session\Handlers\FileHandler' driver.
INFO - 2022-02-01 20:57:44 --> Controller "App\Controllers\base\Dashboard" loaded.
INFO - 2022-02-01 20:57:53 --> Session: Class initialized using 'CodeIgniter\Session\Handlers\FileHandler' driver.
INFO - 2022-02-01 20:57:53 --> Controller "App\Controllers\base\Dashboard" loaded.
INFO - 2022-02-01 20:57:53 --> Session: Class initialized using 'CodeIgniter\Session\Handlers\FileHandler' driver.
INFO - 2022-02-01 20:57:53 --> Controller "App\Controllers\base\Dashboard" loaded.
INFO - 2022-02-01 21:00:36 --> Session: Class initialized using 'CodeIgniter\Session\Handlers\FileHandler' driver.
INFO - 2022-02-01 21:00:36 --> Controller "App\Controllers\base\Dashboard" loaded.
INFO - 2022-02-01 21:00:36 --> Session: Class initialized using 'CodeIgniter\Session\Handlers\FileHandler' driver.
INFO - 2022-02-01 21:00:36 --> Controller "App\Controllers\base\Dashboard" loaded.
INFO - 2022-02-01 21:00:44 --> Session: Class initialized using 'CodeIgniter\Session\Handlers\FileHandler' driver.
INFO - 2022-02-01 21:00:44 --> Controller "App\Controllers\base\Dashboard" loaded.
INFO - 2022-02-01 21:00:44 --> Session: Class initialized using 'CodeIgniter\Session\Handlers\FileHandler' driver.
INFO - 2022-02-01 21:00:44 --> Controller "App\Controllers\base\Dashboard" loaded.
INFO - 2022-02-01 21:00:49 --> Session: Class initialized using 'CodeIgniter\Session\Handlers\FileHandler' driver.
INFO - 2022-02-01 21:00:49 --> Controller "App\Controllers\base\Dashboard" loaded.
INFO - 2022-02-01 21:00:49 --> Session: Class initialized using 'CodeIgniter\Session\Handlers\FileHandler' driver.
INFO - 2022-02-01 21:00:49 --> Controller "App\Controllers\base\Dashboard" loaded.
INFO - 2022-02-01 21:00:55 --> Session: Class initialized using 'CodeIgniter\Session\Handlers\FileHandler' driver.
INFO - 2022-02-01 21:00:55 --> Controller "App\Controllers\base\Dashboard" loaded.
